2024-12-14 00:00:25.859  INFO 26272 --- [http-nio-8080-exec-1] com.sjx.a_p.controller.UserController    : selectReservationByName 接收到的参数:zhangsan
2024-12-14 00:00:25.870  INFO 26272 --- [http-nio-8080-exec-1] com.sjx.a_p.controller.UserController    : 响应:[ARecordResult(reservationId=4, roomId=101, title=战略规划, startTime=00:00:00, endTime=00:00:00, day=Thu Dec 12 00:00:00 CST 2024, persons=2, status=0, isPass=0, approvalTime=null, reason=null, userName=zhangsan, contacts=lisi), ARecordResult(reservationId=3, roomId=102, title=技术讨论, startTime=03:00:00, endTime=10:00:00, day=Thu Dec 12 00:00:00 CST 2024, persons=2, status=1, isPass=1, approvalTime=00:36:24, reason=null, userName=zhangsan, contacts=lisi), ARecordResult(reservationId=2, roomId=101, title=战略规划, startTime=06:00:00, endTime=08:00:00, day=Thu Dec 12 00:00:00 CST 2024, persons=10, status=2, isPass=2, approvalTime=00:10:51, reason=维修中, userName=zhangsan, contacts=lisi)]
2024-12-14 00:00:48.622  INFO 26272 --- [http-nio-8080-exec-10] com.sjx.a_p.controller.UserController    : 接收参数: {persons=3, day=2024-12-08, startTime=0:00:00, endTime=0:00:00}
2024-12-14 00:00:48.623  INFO 26272 --- [http-nio-8080-exec-10] com.sjx.a_p.controller.UserController    : 查询条件: ReservationInfo(reservationId=null, roomId=null, userName=null, startTime=00:00:00, endTime=00:00:00, day=2024-12-08, persons=3, status=null)
2024-12-14 00:01:28.063  INFO 26272 --- [http-nio-8080-exec-2] com.sjx.a_p.controller.AdminController   : selectRoomByRoomId 输入的参数:102
2024-12-14 00:01:28.064  INFO 26272 --- [http-nio-8080-exec-2] com.sjx.a_p.service.MeetingService       : 查询的会议室信息: MeetingRoomInfo(roomId=102, title=技术讨论, area=30, persons=12, photoUrl=b29590e2-7d0f-404e-9d21-ed8e9265f29e_1733903361204.jpg, isAvailable=1)
2024-12-14 00:01:28.065  INFO 26272 --- [http-nio-8080-exec-2] com.sjx.a_p.controller.AdminController   : 响应:MeetingRoomInfo(roomId=102, title=技术讨论, area=30, persons=12, photoUrl=b29590e2-7d0f-404e-9d21-ed8e9265f29e_1733903361204.jpg, isAvailable=1)
2024-12-14 00:01:29.606  INFO 26272 --- [http-nio-8080-exec-5] com.sjx.a_p.controller.AdminController   : selectRoomByRoomId 输入的参数:102
2024-12-14 00:01:29.608  INFO 26272 --- [http-nio-8080-exec-5] com.sjx.a_p.service.MeetingService       : 查询的会议室信息: MeetingRoomInfo(roomId=102, title=技术讨论, area=30, persons=12, photoUrl=b29590e2-7d0f-404e-9d21-ed8e9265f29e_1733903361204.jpg, isAvailable=1)
2024-12-14 00:01:29.608  INFO 26272 --- [http-nio-8080-exec-5] com.sjx.a_p.controller.AdminController   : 响应:MeetingRoomInfo(roomId=102, title=技术讨论, area=30, persons=12, photoUrl=b29590e2-7d0f-404e-9d21-ed8e9265f29e_1733903361204.jpg, isAvailable=1)
2024-12-14 00:01:30.618  INFO 26272 --- [http-nio-8080-exec-4] com.sjx.a_p.controller.AdminController   : selectRoomByRoomId 输入的参数:101
2024-12-14 00:01:30.620  INFO 26272 --- [http-nio-8080-exec-4] com.sjx.a_p.service.MeetingService       : 查询的会议室信息: MeetingRoomInfo(roomId=101, title=战略规划, area=50, persons=20, photoUrl=e8cb05e2-7a31-45aa-b2f8-e9e710c63ce1_1733903215887.jpg, isAvailable=1)
2024-12-14 00:01:30.621  INFO 26272 --- [http-nio-8080-exec-4] com.sjx.a_p.controller.AdminController   : 响应:MeetingRoomInfo(roomId=101, title=战略规划, area=50, persons=20, photoUrl=e8cb05e2-7a31-45aa-b2f8-e9e710c63ce1_1733903215887.jpg, isAvailable=1)
2024-12-14 00:01:31.419  INFO 26272 --- [http-nio-8080-exec-7] com.sjx.a_p.controller.AdminController   : selectRoomByRoomId 输入的参数:105
2024-12-14 00:01:31.420  INFO 26272 --- [http-nio-8080-exec-7] com.sjx.a_p.service.MeetingService       : 查询的会议室信息: MeetingRoomInfo(roomId=105, title=123, area=12345, persons=3, photoUrl=8eb6b4d7-65fb-459b-ac81-0cb2c5dd1b36_1733934946875.png, isAvailable=1)
2024-12-14 00:01:31.421  INFO 26272 --- [http-nio-8080-exec-7] com.sjx.a_p.controller.AdminController   : 响应:MeetingRoomInfo(roomId=105, title=123, area=12345, persons=3, photoUrl=8eb6b4d7-65fb-459b-ac81-0cb2c5dd1b36_1733934946875.png, isAvailable=1)
2024-12-14 00:01:32.500  INFO 26272 --- [http-nio-8080-exec-3] com.sjx.a_p.controller.AdminController   : selectRoomByRoomId 输入的参数:105
2024-12-14 00:01:32.502  INFO 26272 --- [http-nio-8080-exec-3] com.sjx.a_p.service.MeetingService       : 查询的会议室信息: MeetingRoomInfo(roomId=105, title=123, area=12345, persons=3, photoUrl=8eb6b4d7-65fb-459b-ac81-0cb2c5dd1b36_1733934946875.png, isAvailable=1)
2024-12-14 00:01:32.503  INFO 26272 --- [http-nio-8080-exec-3] com.sjx.a_p.controller.AdminController   : 响应:MeetingRoomInfo(roomId=105, title=123, area=12345, persons=3, photoUrl=8eb6b4d7-65fb-459b-ac81-0cb2c5dd1b36_1733934946875.png, isAvailable=1)
2024-12-14 00:01:36.667  INFO 26272 --- [http-nio-8080-exec-8] com.sjx.a_p.controller.AdminController   : selectRoomByRoomId 输入的参数:101
2024-12-14 00:01:36.669  INFO 26272 --- [http-nio-8080-exec-8] com.sjx.a_p.service.MeetingService       : 查询的会议室信息: MeetingRoomInfo(roomId=101, title=战略规划, area=50, persons=20, photoUrl=e8cb05e2-7a31-45aa-b2f8-e9e710c63ce1_1733903215887.jpg, isAvailable=1)
2024-12-14 00:01:36.670  INFO 26272 --- [http-nio-8080-exec-8] com.sjx.a_p.controller.AdminController   : 响应:MeetingRoomInfo(roomId=101, title=战略规划, area=50, persons=20, photoUrl=e8cb05e2-7a31-45aa-b2f8-e9e710c63ce1_1733903215887.jpg, isAvailable=1)
2024-12-14 00:01:41.232  INFO 26272 --- [http-nio-8080-exec-10] com.sjx.a_p.controller.UserController    : selectReservationByName 接收到的参数:zhangsan
2024-12-14 00:01:41.237  INFO 26272 --- [http-nio-8080-exec-10] com.sjx.a_p.controller.UserController    : 响应:[ARecordResult(reservationId=4, roomId=101, title=战略规划, startTime=00:00:00, endTime=00:00:00, day=Thu Dec 12 00:00:00 CST 2024, persons=2, status=0, isPass=0, approvalTime=null, reason=null, userName=zhangsan, contacts=lisi), ARecordResult(reservationId=3, roomId=102, title=技术讨论, startTime=03:00:00, endTime=10:00:00, day=Thu Dec 12 00:00:00 CST 2024, persons=2, status=1, isPass=1, approvalTime=00:36:24, reason=null, userName=zhangsan, contacts=lisi), ARecordResult(reservationId=2, roomId=101, title=战略规划, startTime=06:00:00, endTime=08:00:00, day=Thu Dec 12 00:00:00 CST 2024, persons=10, status=2, isPass=2, approvalTime=00:10:51, reason=维修中, userName=zhangsan, contacts=lisi)]
2024-12-14 00:02:09.264  INFO 26272 --- [http-nio-8080-exec-4] com.sjx.a_p.controller.AdminController   : selectRoomByRoomId 输入的参数:101
2024-12-14 00:02:09.266  INFO 26272 --- [http-nio-8080-exec-4] com.sjx.a_p.service.MeetingService       : 查询的会议室信息: MeetingRoomInfo(roomId=101, title=战略规划, area=50, persons=20, photoUrl=e8cb05e2-7a31-45aa-b2f8-e9e710c63ce1_1733903215887.jpg, isAvailable=1)
2024-12-14 00:02:09.267  INFO 26272 --- [http-nio-8080-exec-4] com.sjx.a_p.controller.AdminController   : 响应:MeetingRoomInfo(roomId=101, title=战略规划, area=50, persons=20, photoUrl=e8cb05e2-7a31-45aa-b2f8-e9e710c63ce1_1733903215887.jpg, isAvailable=1)
2024-12-14 00:02:10.195  INFO 26272 --- [http-nio-8080-exec-7] com.sjx.a_p.controller.AdminController   : selectRoomByRoomId 输入的参数:102
2024-12-14 00:02:10.196  INFO 26272 --- [http-nio-8080-exec-7] com.sjx.a_p.service.MeetingService       : 查询的会议室信息: MeetingRoomInfo(roomId=102, title=技术讨论, area=30, persons=12, photoUrl=b29590e2-7d0f-404e-9d21-ed8e9265f29e_1733903361204.jpg, isAvailable=1)
2024-12-14 00:02:10.197  INFO 26272 --- [http-nio-8080-exec-7] com.sjx.a_p.controller.AdminController   : 响应:MeetingRoomInfo(roomId=102, title=技术讨论, area=30, persons=12, photoUrl=b29590e2-7d0f-404e-9d21-ed8e9265f29e_1733903361204.jpg, isAvailable=1)
2024-12-14 00:02:12.503  INFO 26272 --- [http-nio-8080-exec-3] com.sjx.a_p.controller.AdminController   : selectRoomByRoomId 输入的参数:105
2024-12-14 00:02:12.505  INFO 26272 --- [http-nio-8080-exec-3] com.sjx.a_p.service.MeetingService       : 查询的会议室信息: MeetingRoomInfo(roomId=105, title=123, area=12345, persons=3, photoUrl=8eb6b4d7-65fb-459b-ac81-0cb2c5dd1b36_1733934946875.png, isAvailable=1)
2024-12-14 00:02:12.506  INFO 26272 --- [http-nio-8080-exec-3] com.sjx.a_p.controller.AdminController   : 响应:MeetingRoomInfo(roomId=105, title=123, area=12345, persons=3, photoUrl=8eb6b4d7-65fb-459b-ac81-0cb2c5dd1b36_1733934946875.png, isAvailable=1)
2024-12-14 00:02:13.657  INFO 26272 --- [http-nio-8080-exec-8] com.sjx.a_p.controller.AdminController   : selectRoomByRoomId 输入的参数:102
2024-12-14 00:02:13.658  INFO 26272 --- [http-nio-8080-exec-8] com.sjx.a_p.service.MeetingService       : 查询的会议室信息: MeetingRoomInfo(roomId=102, title=技术讨论, area=30, persons=12, photoUrl=b29590e2-7d0f-404e-9d21-ed8e9265f29e_1733903361204.jpg, isAvailable=1)
2024-12-14 00:02:13.659  INFO 26272 --- [http-nio-8080-exec-8] com.sjx.a_p.controller.AdminController   : 响应:MeetingRoomInfo(roomId=102, title=技术讨论, area=30, persons=12, photoUrl=b29590e2-7d0f-404e-9d21-ed8e9265f29e_1733903361204.jpg, isAvailable=1)
2024-12-14 00:02:14.526  INFO 26272 --- [http-nio-8080-exec-10] com.sjx.a_p.controller.AdminController   : selectRoomByRoomId 输入的参数:101
2024-12-14 00:02:14.528  INFO 26272 --- [http-nio-8080-exec-10] com.sjx.a_p.service.MeetingService       : 查询的会议室信息: MeetingRoomInfo(roomId=101, title=战略规划, area=50, persons=20, photoUrl=e8cb05e2-7a31-45aa-b2f8-e9e710c63ce1_1733903215887.jpg, isAvailable=1)
2024-12-14 00:02:14.528  INFO 26272 --- [http-nio-8080-exec-10] com.sjx.a_p.controller.AdminController   : 响应:MeetingRoomInfo(roomId=101, title=战略规划, area=50, persons=20, photoUrl=e8cb05e2-7a31-45aa-b2f8-e9e710c63ce1_1733903215887.jpg, isAvailable=1)
2024-12-14 00:02:35.728  INFO 26272 --- [SpringApplicationShutdownHook] com.zaxxer.hikari.HikariDataSource       : HikariPool-1 - Shutdown initiated...
2024-12-14 00:02:35.735  INFO 26272 --- [SpringApplicationShutdownHook] com.zaxxer.hikari.HikariDataSource       : HikariPool-1 - Shutdown completed.
2024-12-14 11:19:14.477  INFO 18676 --- [main] com.sjx.a_p.APApplication                : Starting APApplication using Java 1.8.0_192 on killing with PID 18676 (C:\Users\86178\JavaRoutine\a_p\target\classes started by 86178 in C:\Users\86178\JavaRoutine\a_p)
2024-12-14 11:19:14.481  INFO 18676 --- [main] com.sjx.a_p.APApplication                : No active profile set, falling back to 1 default profile: "default"
2024-12-14 11:19:17.154  INFO 18676 --- [main] o.s.b.w.embedded.tomcat.TomcatWebServer  : Tomcat initialized with port(s): 8080 (http)
2024-12-14 11:19:17.155  INFO 18676 --- [main] o.a.catalina.core.AprLifecycleListener   : Loaded Apache Tomcat Native library [1.3.1] using APR version [1.7.4].
2024-12-14 11:19:17.155  INFO 18676 --- [main] o.a.catalina.core.AprLifecycleListener   : APR capabilities: IPv6 [true], sendfile [true], accept filters [false], random [true], UDS [true].
2024-12-14 11:19:17.155  INFO 18676 --- [main] o.a.catalina.core.AprLifecycleListener   : APR/OpenSSL configuration: useAprConnector [false], useOpenSSL [true]
2024-12-14 11:19:17.178  INFO 18676 --- [main] o.a.catalina.core.AprLifecycleListener   : OpenSSL successfully initialized [OpenSSL 3.0.14 4 Jun 2024]
2024-12-14 11:19:17.196  INFO 18676 --- [main] o.apache.catalina.core.StandardService   : Starting service [Tomcat]
2024-12-14 11:19:17.197  INFO 18676 --- [main] org.apache.catalina.core.StandardEngine  : Starting Servlet engine: [Apache Tomcat/9.0.82]
2024-12-14 11:19:17.441  INFO 18676 --- [main] o.a.c.c.C.[Tomcat].[localhost].[/]       : Initializing Spring embedded WebApplicationContext
2024-12-14 11:19:17.441  INFO 18676 --- [main] w.s.c.ServletWebServerApplicationContext : Root WebApplicationContext: initialization completed in 2719 ms
2024-12-14 11:19:18.116  INFO 18676 --- [main] o.s.b.a.w.s.WelcomePageHandlerMapping    : Adding welcome page: class path resource [static/index.html]
2024-12-14 11:19:18.316  INFO 18676 --- [main] o.s.b.w.embedded.tomcat.TomcatWebServer  : Tomcat started on port(s): 8080 (http) with context path ''
2024-12-14 11:19:18.329  INFO 18676 --- [main] com.sjx.a_p.APApplication                : Started APApplication in 4.558 seconds (JVM running for 5.164)
2024-12-14 11:19:58.915  INFO 18676 --- [http-nio-8080-exec-1] o.a.c.c.C.[Tomcat].[localhost].[/]       : Initializing Spring DispatcherServlet 'dispatcherServlet'
2024-12-14 11:19:58.915  INFO 18676 --- [http-nio-8080-exec-1] o.s.web.servlet.DispatcherServlet        : Initializing Servlet 'dispatcherServlet'
2024-12-14 11:19:58.917  INFO 18676 --- [http-nio-8080-exec-1] o.s.web.servlet.DispatcherServlet        : Completed initialization in 1 ms
2024-12-14 11:26:25.171  INFO 18676 --- [http-nio-8080-exec-7] com.zaxxer.hikari.HikariDataSource       : HikariPool-1 - Starting...
2024-12-14 11:26:25.358  INFO 18676 --- [http-nio-8080-exec-7] com.zaxxer.hikari.HikariDataSource       : HikariPool-1 - Start completed.
2024-12-14 11:26:31.892  INFO 18676 --- [http-nio-8080-exec-5] com.sjx.a_p.controller.AdminController   : selectRoomByRoomId 输入的参数:101
2024-12-14 11:26:31.896  INFO 18676 --- [http-nio-8080-exec-5] com.sjx.a_p.service.MeetingService       : 查询的会议室信息: MeetingRoomInfo(roomId=101, title=战略规划, area=50, persons=20, photoUrl=e8cb05e2-7a31-45aa-b2f8-e9e710c63ce1_1733903215887.jpg, isAvailable=1)
2024-12-14 11:26:31.896  INFO 18676 --- [http-nio-8080-exec-5] com.sjx.a_p.controller.AdminController   : 响应:MeetingRoomInfo(roomId=101, title=战略规划, area=50, persons=20, photoUrl=e8cb05e2-7a31-45aa-b2f8-e9e710c63ce1_1733903215887.jpg, isAvailable=1)
2024-12-14 11:26:42.081  INFO 18676 --- [http-nio-8080-exec-7] com.sjx.a_p.controller.AdminController   : selectRoomByRoomId 输入的参数:104
2024-12-14 11:26:42.083  INFO 18676 --- [http-nio-8080-exec-7] com.sjx.a_p.service.MeetingService       : 查询的会议室信息: MeetingRoomInfo(roomId=104, title=办公室, area=60, persons=6, photoUrl=50903a53-57ac-4f05-b875-c224e4db0d56_1733934077177.jpg, isAvailable=2)
2024-12-14 11:26:42.086  INFO 18676 --- [http-nio-8080-exec-7] com.sjx.a_p.controller.AdminController   : 响应:MeetingRoomInfo(roomId=104, title=办公室, area=60, persons=6, photoUrl=50903a53-57ac-4f05-b875-c224e4db0d56_1733934077177.jpg, isAvailable=2)
